#! /usr/bin/vvp
:ivl_version "11.0 (stable)";
:ivl_delay_selection "TYPICAL";
:vpi_time_precision - 10;
:vpi_module "/usr/lib/x86_64-linux-gnu/ivl/system.vpi";
:vpi_module "/usr/lib/x86_64-linux-gnu/ivl/vhdl_sys.vpi";
:vpi_module "/usr/lib/x86_64-linux-gnu/ivl/vhdl_textio.vpi";
:vpi_module "/usr/lib/x86_64-linux-gnu/ivl/v2005_math.vpi";
:vpi_module "/usr/lib/x86_64-linux-gnu/ivl/va_math.vpi";
S_0x55f6f4b788b0 .scope module, "testbench" "testbench" 2 11;
 .timescale -9 -10;
v0x55f6f4b90ce0_0 .net "ext_imm", 31 0, L_0x55f6f4b91550;  1 drivers
v0x55f6f4b90df0_0 .net "ext_imm2", 31 0, L_0x55f6f4b919f0;  1 drivers
v0x55f6f4b90eb0_0 .var "imm", 11 0;
v0x55f6f4b90fd0_0 .net "minus_ext_imm", 31 0, L_0x55f6f4ba1b10;  1 drivers
v0x55f6f4b91070_0 .net "zero", 31 0, L_0x55f6f4ba1ce0;  1 drivers
L_0x55f6f4ba1ce0 .arith/sum 32, L_0x55f6f4b91550, L_0x55f6f4ba1b10;
S_0x55f6f4b78a40 .scope module, "neg" "neg" 2 26, 3 1 0, S_0x55f6f4b788b0;
 .timescale 0 0;
    .port_info 0 /INPUT 32 "x";
    .port_info 1 /OUTPUT 32 "minus_x";
L_0x55f6f4b67630 .functor NOT 32, L_0x55f6f4b91550, C4<00000000000000000000000000000000>, C4<00000000000000000000000000000000>, C4<00000000000000000000000000000000>;
v0x55f6f4b790f0_0 .net *"_ivl_0", 31 0, L_0x55f6f4b67630;  1 drivers
L_0x7f8f4324b018 .functor BUFT 1, C4<00000000000000000000000000000001>, C4<0>, C4<0>, C4<0>;
v0x55f6f4b8ff30_0 .net/2u *"_ivl_2", 31 0, L_0x7f8f4324b018;  1 drivers
v0x55f6f4b90010_0 .net "minus_x", 31 0, L_0x55f6f4ba1b10;  alias, 1 drivers
v0x55f6f4b900d0_0 .net "x", 31 0, L_0x55f6f4b91550;  alias, 1 drivers
L_0x55f6f4ba1b10 .arith/sum 32, L_0x55f6f4b67630, L_0x7f8f4324b018;
S_0x55f6f4b90210 .scope module, "se" "sign_ext" 2 16, 4 1 0, S_0x55f6f4b788b0;
 .timescale 0 0;
    .port_info 0 /INPUT 12 "imm";
    .port_info 1 /OUTPUT 32 "ext_imm";
v0x55f6f4b903f0_0 .net "ext_imm", 31 0, L_0x55f6f4b91550;  alias, 1 drivers
v0x55f6f4b904d0_0 .net "extended_sign", 19 0, L_0x55f6f4b91220;  1 drivers
v0x55f6f4b90590_0 .net "imm", 11 0, v0x55f6f4b90eb0_0;  1 drivers
v0x55f6f4b90650_0 .net "msb", 0 0, L_0x55f6f4b91180;  1 drivers
L_0x55f6f4b91180 .part v0x55f6f4b90eb0_0, 11, 1;
LS_0x55f6f4b91220_0_0 .concat [ 1 1 1 1], L_0x55f6f4b91180, L_0x55f6f4b91180, L_0x55f6f4b91180, L_0x55f6f4b91180;
LS_0x55f6f4b91220_0_4 .concat [ 1 1 1 1], L_0x55f6f4b91180, L_0x55f6f4b91180, L_0x55f6f4b91180, L_0x55f6f4b91180;
LS_0x55f6f4b91220_0_8 .concat [ 1 1 1 1], L_0x55f6f4b91180, L_0x55f6f4b91180, L_0x55f6f4b91180, L_0x55f6f4b91180;
LS_0x55f6f4b91220_0_12 .concat [ 1 1 1 1], L_0x55f6f4b91180, L_0x55f6f4b91180, L_0x55f6f4b91180, L_0x55f6f4b91180;
LS_0x55f6f4b91220_0_16 .concat [ 1 1 1 1], L_0x55f6f4b91180, L_0x55f6f4b91180, L_0x55f6f4b91180, L_0x55f6f4b91180;
LS_0x55f6f4b91220_1_0 .concat [ 4 4 4 4], LS_0x55f6f4b91220_0_0, LS_0x55f6f4b91220_0_4, LS_0x55f6f4b91220_0_8, LS_0x55f6f4b91220_0_12;
LS_0x55f6f4b91220_1_4 .concat [ 4 0 0 0], LS_0x55f6f4b91220_0_16;
L_0x55f6f4b91220 .concat [ 16 4 0 0], LS_0x55f6f4b91220_1_0, LS_0x55f6f4b91220_1_4;
L_0x55f6f4b91550 .concat [ 12 20 0 0], v0x55f6f4b90eb0_0, L_0x55f6f4b91220;
S_0x55f6f4b90770 .scope module, "se2" "sign_ext2" 2 23, 5 1 0, S_0x55f6f4b788b0;
 .timescale 0 0;
    .port_info 0 /INPUT 12 "imm";
    .port_info 1 /OUTPUT 32 "ext_imm";
v0x55f6f4b90950_0 .net "ext", 19 0, L_0x55f6f4b91690;  1 drivers
v0x55f6f4b90a30_0 .net "ext_imm", 31 0, L_0x55f6f4b919f0;  alias, 1 drivers
v0x55f6f4b90b10_0 .net "imm", 11 0, v0x55f6f4b90eb0_0;  alias, 1 drivers
v0x55f6f4b90be0_0 .net "msb", 0 0, L_0x55f6f4b915f0;  1 drivers
L_0x55f6f4b915f0 .part v0x55f6f4b90eb0_0, 11, 1;
LS_0x55f6f4b91690_0_0 .concat [ 1 1 1 1], L_0x55f6f4b915f0, L_0x55f6f4b915f0, L_0x55f6f4b915f0, L_0x55f6f4b915f0;
LS_0x55f6f4b91690_0_4 .concat [ 1 1 1 1], L_0x55f6f4b915f0, L_0x55f6f4b915f0, L_0x55f6f4b915f0, L_0x55f6f4b915f0;
LS_0x55f6f4b91690_0_8 .concat [ 1 1 1 1], L_0x55f6f4b915f0, L_0x55f6f4b915f0, L_0x55f6f4b915f0, L_0x55f6f4b915f0;
LS_0x55f6f4b91690_0_12 .concat [ 1 1 1 1], L_0x55f6f4b915f0, L_0x55f6f4b915f0, L_0x55f6f4b915f0, L_0x55f6f4b915f0;
LS_0x55f6f4b91690_0_16 .concat [ 1 1 1 1], L_0x55f6f4b915f0, L_0x55f6f4b915f0, L_0x55f6f4b915f0, L_0x55f6f4b915f0;
LS_0x55f6f4b91690_1_0 .concat [ 4 4 4 4], LS_0x55f6f4b91690_0_0, LS_0x55f6f4b91690_0_4, LS_0x55f6f4b91690_0_8, LS_0x55f6f4b91690_0_12;
LS_0x55f6f4b91690_1_4 .concat [ 4 0 0 0], LS_0x55f6f4b91690_0_16;
L_0x55f6f4b91690 .concat [ 16 4 0 0], LS_0x55f6f4b91690_1_0, LS_0x55f6f4b91690_1_4;
L_0x55f6f4b919f0 .concat [ 12 20 0 0], v0x55f6f4b90eb0_0, L_0x55f6f4b91690;
    .scope S_0x55f6f4b788b0;
T_0 ;
    %pushi/vec4 0, 0, 12;
    %store/vec4 v0x55f6f4b90eb0_0, 0, 12;
    %end;
    .thread T_0;
    .scope S_0x55f6f4b788b0;
T_1 ;
    %vpi_call 2 37 "$dumpvars" {0 0 0};
    %delay 20, 0;
    %pushi/vec4 5, 0, 12;
    %store/vec4 v0x55f6f4b90eb0_0, 0, 12;
    %delay 20, 0;
    %pushi/vec4 12, 0, 12;
    %store/vec4 v0x55f6f4b90eb0_0, 0, 12;
    %delay 20, 0;
    %pushi/vec4 4091, 0, 12;
    %store/vec4 v0x55f6f4b90eb0_0, 0, 12;
    %delay 20, 0;
    %pushi/vec4 4084, 0, 12;
    %store/vec4 v0x55f6f4b90eb0_0, 0, 12;
    %delay 20, 0;
    %pushi/vec4 1337, 0, 12;
    %store/vec4 v0x55f6f4b90eb0_0, 0, 12;
    %delay 20, 0;
    %pushi/vec4 2077, 0, 12;
    %store/vec4 v0x55f6f4b90eb0_0, 0, 12;
    %delay 20, 0;
    %vpi_call 2 44 "$finish" {0 0 0};
    %end;
    .thread T_1;
# The file index is used to find the file name in the following table.
:file_names 6;
    "N/A";
    "<interactive>";
    "testbench.v";
    "neg.v";
    "sign_ext.v";
    "sign_ext2.v";
